INFO:  latexindent.exe version 3.20.2, 2023-02-04, a script to indent .tex files
       latexindent.exe lives here: C:/texlive/2022/bin/win32/
       Fri Mar 24 10:34:04 2023
       Filename: d:/Seafile/Documents_Tsinghua/Personal Files/±ÏÒµÂÛÎÄ/PhDThesis/data/__latexindent_temp_chap04.tex
INFO:  Processing switches:
       -y|--yaml: YAML settings specified via command line
       -c|--cruft: cruft directory
INFO:  Directory for backup files and d:/Seafile/Documents_Tsinghua/Personal Files/±ÏÒµÂÛÎÄ/PhDThesis//indent.log:
       d:/Seafile/Documents_Tsinghua/Personal Files/±ÏÒµÂÛÎÄ/PhDThesis/
INFO:  YAML settings read: defaultSettings.yaml
       Reading defaultSettings.yaml from C:/texlive/2022/bin/win32/defaultSettings.yaml
       Reading defaultSettings.yaml (2nd attempt) from C:/texlive/2022/bin/win32/../../texmf-dist/scripts/latexindent/defaultSettings.yaml
       and then, if necessary, C:/texlive/2022/bin/win32/LatexIndent/defaultSettings.yaml
INFO:  YAML reading settings
       Home directory is C:\Users\yaorui
       latexindent.pl didn't find indentconfig.yaml or .indentconfig.yaml
       see all possible locations: https://latexindentpl.readthedocs.io/en/latest/sec-appendices.html#indentconfig-options)
INFO:  YAML settings read: -y switch
       YAML setting: defaultIndent:'    '
       single-quoted string found in -y switch: '    ', substitute to     
       Updating mainSettings with defaultIndent:     
INFO:  Phase 1: searching for objects
INFO:  Phase 2: finding surrounding indentation
INFO:  Phase 3: indenting objects
INFO:  Phase 4: final indentation check
INFO:  Output routine:
       Not outputting to file; see -w and -o switches for more options.
       --------------
INFO:  Please direct all communication/issues to:
        https://github.com/cmhughes/latexindent.pl
