\BOOKMARK [-1][]{thuchapter.1.-1}{\376\377\156\005\123\116\131\047\133\146\133\146\117\115\213\272\145\207\000\040\000L\000a\000T\000e\000X\000\040\152\041\147\177\117\177\165\050\171\072\117\213\145\207\150\143\000\040\000v\0007\000.\0003\000.\0001}{}% 1
\BOOKMARK [0][]{thuchapter.2.0}{\376\377\133\146\117\115\213\272\145\207\143\007\133\374\134\017\176\304\060\001\121\154\137\000\213\304\226\005\116\272\124\214\173\124\217\251\131\324\124\130\117\032\124\015\123\125}{thuchapter.1.-1}% 2
\BOOKMARK [0][]{thuchapter.3.0}{\376\377\121\163\116\216\133\146\117\115\213\272\145\207\117\177\165\050\143\210\147\103\166\204\213\364\146\016}{thuchapter.1.-1}% 3
\BOOKMARK [0][]{section*.9}{\376\377\144\130\211\201}{thuchapter.1.-1}% 4
\BOOKMARK [0][]{section*.11}{\376\377\000A\000b\000s\000t\000r\000a\000c\000t}{thuchapter.1.-1}% 5
\BOOKMARK [0][]{section*.13}{\376\377\000T\000a\000b\000l\000e\000\040\000o\000f\000\040\000C\000o\000n\000t\000e\000n\000t\000s}{thuchapter.1.-1}% 6
\BOOKMARK [0][]{section*.15}{\376\377\000L\000i\000s\000t\000\040\000o\000f\000\040\000F\000i\000g\000u\000r\000e\000s}{thuchapter.1.-1}% 7
\BOOKMARK [0][]{section*.17}{\376\377\000L\000i\000s\000t\000\040\000o\000f\000\040\000T\000a\000b\000l\000e\000s}{thuchapter.1.-1}% 8
\BOOKMARK [0][]{section*.19}{\376\377\000L\000i\000s\000t\000\040\000o\000f\000\040\000S\000y\000m\000b\000o\000l\000s\000\040\000a\000n\000d\000\040\000A\000c\000r\000o\000n\000y\000m\000s}{thuchapter.1.-1}% 9
\BOOKMARK [0][]{chapter.1}{\376\377\000C\000h\000a\000p\000t\000e\000r\000\040\0001\000\040\000I\000n\000t\000r\000o\000d\000u\000c\000t\000i\000o\000n}{thuchapter.1.-1}% 10
\BOOKMARK [1][-]{section.1.1}{\376\377\0001\000.\0001\000\040\213\272\145\207\166\204\213\355\212\000\123\312\210\150\217\360}{chapter.1}% 11
\BOOKMARK [0][]{chapter.2}{\376\377\000C\000h\000a\000p\000t\000e\000r\000\040\0002\000\040\000I\000o\000n\000\040\000T\000r\000a\000p\000p\000i\000n\000g}{thuchapter.1.-1}% 12
\BOOKMARK [1][-]{section.2.1}{\376\377\0002\000.\0001\000\040\000T\000h\000e\000\040\000\040\000Q\000u\000b\000i\000t}{chapter.2}% 13
\BOOKMARK [2][-]{subsection.2.1.1}{\376\377\0002\000.\0001\000.\0001\000\040\000T\000w\000o\000-\000p\000h\000o\000t\000o\000n\000\040\000I\000o\000n\000i\000z\000a\000t\000i\000o\000n}{section.2.1}% 14
\BOOKMARK [2][-]{subsection.2.1.2}{\376\377\0002\000.\0001\000.\0002\000\040\000D\000o\000p\000p\000l\000e\000r\000\040\000C\000o\000o\000l\000i\000n\000g}{section.2.1}% 15
\BOOKMARK [2][-]{subsection.2.1.3}{\376\377\0002\000.\0001\000.\0003\000\040\000O\000p\000t\000i\000c\000a\000l\000\040\000P\000u\000m\000p\000i\000n\000g}{section.2.1}% 16
\BOOKMARK [2][-]{subsection.2.1.4}{\376\377\0002\000.\0001\000.\0004\000\040\000S\000t\000a\000t\000e\000\040\000D\000e\000t\000e\000c\000t\000i\000o\000n}{section.2.1}% 17
\BOOKMARK [1][-]{section.2.2}{\376\377\0002\000.\0002\000\040\000T\000h\000e\000\040\000L\000i\000n\000e\000a\000r\000\040\000P\000a\000u\000l\000\040\000T\000r\000a\000p}{chapter.2}% 18
\BOOKMARK [2][-]{subsection.2.2.1}{\376\377\0002\000.\0002\000.\0001\000\040\000M\000a\000t\000h\000i\000e\000u\000\040\000E\000q\000u\000a\000t\000i\000o\000n}{section.2.2}% 19
\BOOKMARK [2][-]{subsection.2.2.2}{\376\377\0002\000.\0002\000.\0002\000\040\000N\000o\000r\000m\000a\000l\000\040\000M\000o\000d\000e\000s}{section.2.2}% 20
