\BOOKMARK [-1][]{thuchapter.1.-1}{\376\377\156\005\123\116\131\047\133\146\133\146\117\115\213\272\145\207\000\040\000L\000a\000T\000e\000X\000\040\152\041\147\177\117\177\165\050\171\072\117\213\145\207\150\143\000\040\000v\0007\000.\0003\000.\0001}{}% 1
\BOOKMARK [0][]{thuchapter.2.0}{\376\377\133\146\117\115\213\272\145\207\143\007\133\374\134\017\176\304\060\001\121\154\137\000\213\304\226\005\116\272\124\214\173\124\217\251\131\324\124\130\117\032\124\015\123\125}{thuchapter.1.-1}% 2
\BOOKMARK [0][]{thuchapter.3.0}{\376\377\121\163\116\216\133\146\117\115\213\272\145\207\117\177\165\050\143\210\147\103\166\204\213\364\146\016}{thuchapter.1.-1}% 3
\BOOKMARK [0][]{section*.9}{\376\377\144\130\211\201}{thuchapter.1.-1}% 4
\BOOKMARK [0][]{section*.11}{\376\377\000A\000b\000s\000t\000r\000a\000c\000t}{thuchapter.1.-1}% 5
\BOOKMARK [0][]{section*.13}{\376\377\000T\000a\000b\000l\000e\000\040\000o\000f\000\040\000C\000o\000n\000t\000e\000n\000t\000s}{thuchapter.1.-1}% 6
\BOOKMARK [0][]{section*.15}{\376\377\000L\000i\000s\000t\000\040\000o\000f\000\040\000F\000i\000g\000u\000r\000e\000s}{thuchapter.1.-1}% 7
\BOOKMARK [0][]{section*.17}{\376\377\000L\000i\000s\000t\000\040\000o\000f\000\040\000T\000a\000b\000l\000e\000s}{thuchapter.1.-1}% 8
\BOOKMARK [0][]{section*.19}{\376\377\000L\000i\000s\000t\000\040\000o\000f\000\040\000S\000y\000m\000b\000o\000l\000s\000\040\000a\000n\000d\000\040\000A\000c\000r\000o\000n\000y\000m\000s}{thuchapter.1.-1}% 9
\BOOKMARK [0][]{chapter.1}{\376\377\000C\000h\000a\000p\000t\000e\000r\000\040\0001\000\040\000I\000n\000t\000r\000o\000d\000u\000c\000t\000i\000o\000n}{thuchapter.1.-1}% 10
\BOOKMARK [1][-]{section.1.1}{\376\377\0001\000.\0001\000\040\213\272\145\207\166\204\213\355\212\000\123\312\210\150\217\360}{chapter.1}% 11
\BOOKMARK [1][-]{section.1.2}{\376\377\0001\000.\0002\000\040\213\272\145\207\230\230\166\356\166\204\121\231\154\325}{chapter.1}% 12
\BOOKMARK [1][-]{section.1.3}{\376\377\0001\000.\0003\000\040\144\130\211\201\166\204\121\231\154\325}{chapter.1}% 13
\BOOKMARK [1][-]{section.1.4}{\376\377\0001\000.\0004\000\040\137\025\212\000\166\204\121\231\154\325}{chapter.1}% 14
\BOOKMARK [1][-]{section.1.5}{\376\377\0001\000.\0005\000\040\153\143\145\207\166\204\121\231\154\325}{chapter.1}% 15
\BOOKMARK [1][-]{section.1.6}{\376\377\0001\000.\0006\000\040\176\323\213\272\166\204\121\231\154\325}{chapter.1}% 16
\BOOKMARK [0][]{chapter.2}{\376\377\000C\000h\000a\000p\000t\000e\000r\000\040\0002\000\040\000I\000o\000n\000\040\000T\000r\000a\000p\000p\000i\000n\000g}{thuchapter.1.-1}% 17
\BOOKMARK [1][-]{section.2.1}{\376\377\0002\000.\0001\000\040\143\322\126\376}{chapter.2}% 18
\BOOKMARK [1][-]{section.2.2}{\376\377\0002\000.\0002\000\040\210\150\150\074}{chapter.2}% 19
\BOOKMARK [1][-]{section.2.3}{\376\377\0002\000.\0003\000\040\173\227\154\325}{chapter.2}% 20
\BOOKMARK [0][]{chapter.3}{\376\377\000C\000h\000a\000p\000t\000e\000r\000\040\0003\000\040\000E\000x\000p\000e\000r\000i\000m\000e\000n\000t\000a\000l\000\040\000S\000e\000t\000u\000p}{thuchapter.1.-1}% 21
\BOOKMARK [1][-]{section.3.1}{\376\377\0003\000.\0001\000\040\000I\000n\000t\000r\000o\000d\000u\000c\000t\000i\000o\000n}{chapter.3}% 22
\BOOKMARK [1][-]{section.3.2}{\376\377\0003\000.\0002\000\040\000T\000h\000e\000\040\000C\000r\000y\000o\000s\000t\000a\000t}{chapter.3}% 23
\BOOKMARK [1][-]{section.3.3}{\376\377\0003\000.\0003\000\040\000L\000o\000w\000\040\000T\000e\000m\000p\000e\000r\000a\000t\000u\000r\000e\000\040\000a\000n\000d\000\040\000U\000H\000V\000\040\000S\000y\000s\000t\000e\000m}{chapter.3}% 24
\BOOKMARK [1][-]{section.3.4}{\376\377\0003\000.\0004\000\040\000H\000e\000l\000i\000c\000a\000l\000\040\000R\000e\000s\000o\000n\000a\000t\000o\000r\000\040\000a\000n\000d\000\040\000S\000e\000g\000m\000e\000n\000t\000e\000d\000\040\000B\000l\000a\000d\000e\000\040\000T\000r\000a\000p}{chapter.3}% 25
\BOOKMARK [1][-]{section.3.5}{\376\377\0003\000.\0005\000\040\000M\000e\000c\000h\000a\000n\000i\000c\000s\000\040\000F\000r\000a\000m\000e}{chapter.3}% 26
\BOOKMARK [1][-]{section.3.6}{\376\377\0003\000.\0006\000\040\000O\000p\000t\000i\000c\000s\000\040\000a\000n\000d\000\040\000I\000m\000a\000g\000i\000n\000g\000\040\000S\000y\000s\000t\000e\000m}{chapter.3}% 27
\BOOKMARK [1][-]{section.3.7}{\376\377\0003\000.\0007\000\040\000E\000l\000e\000c\000t\000r\000o\000n\000i\000c\000\040\000D\000e\000v\000i\000c\000e\000s}{chapter.3}% 28
\BOOKMARK [0][]{chapter.4}{\376\377\000C\000h\000a\000p\000t\000e\000r\000\040\0004\000\040\000E\000x\000p\000e\000r\000i\000m\000e\000n\000t\000a\000l\000\040\000P\000r\000o\000c\000e\000d\000u\000r\000e}{thuchapter.1.-1}% 29
\BOOKMARK [1][-]{section.4.1}{\376\377\0004\000.\0001\000\040\000C\000o\000o\000l\000i\000n\000g\000-\000d\000o\000w\000n\000\040\000a\000n\000d\000\040\000w\000a\000r\000m\000-\000u\000p}{chapter.4}% 30
\BOOKMARK [1][-]{section.4.2}{\376\377\0004\000.\0002\000\040\204\127\200\005\000-\121\372\162\110\136\164\122\066}{chapter.4}% 31
\BOOKMARK [0][]{section*.26}{\376\377\000R\000e\000f\000e\000r\000e\000n\000c\000e\000s}{thuchapter.1.-1}% 32
\BOOKMARK [0][]{appendix.A}{\376\377\000A\000p\000p\000e\000n\000d\000i\000x\000\040\000A\000\040\210\145\121\105\121\205\133\271}{thuchapter.1.-1}% 33
\BOOKMARK [1][-]{section.A.1}{\376\377\000A\000.\0001\000\040\126\376\210\150\171\072\117\213}{appendix.A}% 34
\BOOKMARK [2][-]{subsection.A.1.1}{\376\377\000A\000.\0001\000.\0001\000\040\126\376}{section.A.1}% 35
\BOOKMARK [2][-]{subsection.A.1.2}{\376\377\000A\000.\0001\000.\0002\000\040\210\150\150\074}{section.A.1}% 36
\BOOKMARK [1][-]{section.A.2}{\376\377\000A\000.\0002\000\040\145\160\133\146\121\154\137\017}{appendix.A}% 37
\BOOKMARK [0][]{section*.30}{\376\377\000A\000c\000k\000n\000o\000w\000l\000e\000d\000g\000e\000m\000e\000n\000t\000s}{thuchapter.1.-1}% 38
\BOOKMARK [0][]{section*.32}{\376\377\130\360\146\016}{thuchapter.1.-1}% 39
\BOOKMARK [0][]{section*.34}{\376\377\000R\000e\000s\000u\000m\000e}{thuchapter.1.-1}% 40
\BOOKMARK [0][]{appendix*.40}{\376\377\000C\000o\000m\000m\000e\000n\000t\000s\000\040\000f\000r\000o\000m\000\040\000T\000h\000e\000s\000i\000s\000\040\000S\000u\000p\000e\000r\000v\000i\000s\000o\000r}{thuchapter.1.-1}% 41
\BOOKMARK [0][]{appendix*.41}{\376\377\000R\000e\000s\000o\000l\000u\000t\000i\000o\000n\000\040\000o\000f\000\040\000T\000h\000e\000s\000i\000s\000\040\000D\000e\000f\000e\000n\000s\000e\000\040\000C\000o\000m\000m\000i\000t\000t\000e\000e}{thuchapter.1.-1}% 42
